Analysis & Synthesis report for MProject2
Thu Oct 25 18:51:58 2018
Quartus Prime Version 18.1.0 Build 625 09/12/2018 SJ Lite Edition


---------------------
; Table of Contents ;
---------------------
  1. Legal Notice
  2. Analysis & Synthesis Summary
  3. Analysis & Synthesis Settings
  4. Parallel Compilation
  5. Analysis & Synthesis Source Files Read
  6. Analysis & Synthesis Resource Usage Summary
  7. Analysis & Synthesis Resource Utilization by Entity
  8. Registers Removed During Synthesis
  9. General Register Statistics
 10. Inverted Register Statistics
 11. Multiplexer Restructuring Statistics (Restructuring Performed)
 12. Parameter Settings for Inferred Entity Instance: lpm_divide:Mod2
 13. Parameter Settings for Inferred Entity Instance: lpm_divide:Mod1
 14. Parameter Settings for Inferred Entity Instance: lpm_divide:Mod0
 15. Post-Synthesis Netlist Statistics for Top Partition
 16. Elapsed Time Per Partition
 17. Analysis & Synthesis Messages
 18. Analysis & Synthesis Suppressed Messages



----------------
; Legal Notice ;
----------------
Copyright (C) 2018  Intel Corporation. All rights reserved.
Your use of Intel Corporation's design tools, logic functions 
and other software and tools, and its AMPP partner logic 
functions, and any output files from any of the foregoing 
(including device programming or simulation files), and any 
associated documentation or information are expressly subject 
to the terms and conditions of the Intel Program License 
Subscription Agreement, the Intel Quartus Prime License Agreement,
the Intel FPGA IP License Agreement, or other applicable license
agreement, including, without limitation, that your use is for
the sole purpose of programming logic devices manufactured by
Intel and sold by Intel or its authorized distributors.  Please
refer to the applicable agreement for further details.



+----------------------------------------------------------------------------------+
; Analysis & Synthesis Summary                                                     ;
+------------------------------------+---------------------------------------------+
; Analysis & Synthesis Status        ; Successful - Thu Oct 25 18:51:58 2018       ;
; Quartus Prime Version              ; 18.1.0 Build 625 09/12/2018 SJ Lite Edition ;
; Revision Name                      ; MProject2                                   ;
; Top-level Entity Name              ; Seven_Segment                               ;
; Family                             ; Cyclone IV E                                ;
; Total logic elements               ; 492                                         ;
;     Total combinational functions  ; 474                                         ;
;     Dedicated logic registers      ; 179                                         ;
; Total registers                    ; 179                                         ;
; Total pins                         ; 20                                          ;
; Total virtual pins                 ; 0                                           ;
; Total memory bits                  ; 0                                           ;
; Embedded Multiplier 9-bit elements ; 0                                           ;
; Total PLLs                         ; 0                                           ;
+------------------------------------+---------------------------------------------+


+------------------------------------------------------------------------------------------------------------+
; Analysis & Synthesis Settings                                                                              ;
+------------------------------------------------------------------+--------------------+--------------------+
; Option                                                           ; Setting            ; Default Value      ;
+------------------------------------------------------------------+--------------------+--------------------+
; Device                                                           ; EP4CE22F17C6       ;                    ;
; Top-level entity name                                            ; Seven_Segment      ; MProject2          ;
; Family name                                                      ; Cyclone IV E       ; Cyclone V          ;
; Use smart compilation                                            ; Off                ; Off                ;
; Enable parallel Assembler and Timing Analyzer during compilation ; On                 ; On                 ;
; Enable compact report table                                      ; Off                ; Off                ;
; Restructure Multiplexers                                         ; Auto               ; Auto               ;
; Create Debugging Nodes for IP Cores                              ; Off                ; Off                ;
; Preserve fewer node names                                        ; On                 ; On                 ;
; Intel FPGA IP Evaluation Mode                                    ; Enable             ; Enable             ;
; Verilog Version                                                  ; Verilog_2001       ; Verilog_2001       ;
; VHDL Version                                                     ; VHDL_1993          ; VHDL_1993          ;
; State Machine Processing                                         ; Auto               ; Auto               ;
; Safe State Machine                                               ; Off                ; Off                ;
; Extract Verilog State Machines                                   ; On                 ; On                 ;
; Extract VHDL State Machines                                      ; On                 ; On                 ;
; Ignore Verilog initial constructs                                ; Off                ; Off                ;
; Iteration limit for constant Verilog loops                       ; 5000               ; 5000               ;
; Iteration limit for non-constant Verilog loops                   ; 250                ; 250                ;
; Add Pass-Through Logic to Inferred RAMs                          ; On                 ; On                 ;
; Infer RAMs from Raw Logic                                        ; On                 ; On                 ;
; Parallel Synthesis                                               ; On                 ; On                 ;
; DSP Block Balancing                                              ; Auto               ; Auto               ;
; NOT Gate Push-Back                                               ; On                 ; On                 ;
; Power-Up Don't Care                                              ; On                 ; On                 ;
; Remove Redundant Logic Cells                                     ; Off                ; Off                ;
; Remove Duplicate Registers                                       ; On                 ; On                 ;
; Ignore CARRY Buffers                                             ; Off                ; Off                ;
; Ignore CASCADE Buffers                                           ; Off                ; Off                ;
; Ignore GLOBAL Buffers                                            ; Off                ; Off                ;
; Ignore ROW GLOBAL Buffers                                        ; Off                ; Off                ;
; Ignore LCELL Buffers                                             ; Off                ; Off                ;
; Ignore SOFT Buffers                                              ; On                 ; On                 ;
; Limit AHDL Integers to 32 Bits                                   ; Off                ; Off                ;
; Optimization Technique                                           ; Balanced           ; Balanced           ;
; Carry Chain Length                                               ; 70                 ; 70                 ;
; Auto Carry Chains                                                ; On                 ; On                 ;
; Auto Open-Drain Pins                                             ; On                 ; On                 ;
; Perform WYSIWYG Primitive Resynthesis                            ; Off                ; Off                ;
; Auto ROM Replacement                                             ; On                 ; On                 ;
; Auto RAM Replacement                                             ; On                 ; On                 ;
; Auto DSP Block Replacement                                       ; On                 ; On                 ;
; Auto Shift Register Replacement                                  ; Auto               ; Auto               ;
; Allow Shift Register Merging across Hierarchies                  ; Auto               ; Auto               ;
; Auto Clock Enable Replacement                                    ; On                 ; On                 ;
; Strict RAM Replacement                                           ; Off                ; Off                ;
; Allow Synchronous Control Signals                                ; On                 ; On                 ;
; Force Use of Synchronous Clear Signals                           ; Off                ; Off                ;
; Auto RAM Block Balancing                                         ; On                 ; On                 ;
; Auto RAM to Logic Cell Conversion                                ; Off                ; Off                ;
; Auto Resource Sharing                                            ; Off                ; Off                ;
; Allow Any RAM Size For Recognition                               ; Off                ; Off                ;
; Allow Any ROM Size For Recognition                               ; Off                ; Off                ;
; Allow Any Shift Register Size For Recognition                    ; Off                ; Off                ;
; Use LogicLock Constraints during Resource Balancing              ; On                 ; On                 ;
; Ignore translate_off and synthesis_off directives                ; Off                ; Off                ;
; Timing-Driven Synthesis                                          ; On                 ; On                 ;
; Report Parameter Settings                                        ; On                 ; On                 ;
; Report Source Assignments                                        ; On                 ; On                 ;
; Report Connectivity Checks                                       ; On                 ; On                 ;
; Ignore Maximum Fan-Out Assignments                               ; Off                ; Off                ;
; Synchronization Register Chain Length                            ; 2                  ; 2                  ;
; Power Optimization During Synthesis                              ; Normal compilation ; Normal compilation ;
; HDL message level                                                ; Level2             ; Level2             ;
; Suppress Register Optimization Related Messages                  ; Off                ; Off                ;
; Number of Removed Registers Reported in Synthesis Report         ; 5000               ; 5000               ;
; Number of Swept Nodes Reported in Synthesis Report               ; 5000               ; 5000               ;
; Number of Inverted Registers Reported in Synthesis Report        ; 100                ; 100                ;
; Clock MUX Protection                                             ; On                 ; On                 ;
; Auto Gated Clock Conversion                                      ; Off                ; Off                ;
; Block Design Naming                                              ; Auto               ; Auto               ;
; SDC constraint protection                                        ; Off                ; Off                ;
; Synthesis Effort                                                 ; Auto               ; Auto               ;
; Shift Register Replacement - Allow Asynchronous Clear Signal     ; On                 ; On                 ;
; Pre-Mapping Resynthesis Optimization                             ; Off                ; Off                ;
; Analysis & Synthesis Message Level                               ; Medium             ; Medium             ;
; Disable Register Merging Across Hierarchies                      ; Auto               ; Auto               ;
; Resource Aware Inference For Block RAM                           ; On                 ; On                 ;
+------------------------------------------------------------------+--------------------+--------------------+


+------------------------------------------+
; Parallel Compilation                     ;
+----------------------------+-------------+
; Processors                 ; Number      ;
+----------------------------+-------------+
; Number detected on machine ; 8           ;
; Maximum allowed            ; 4           ;
;                            ;             ;
; Average used               ; 1.00        ;
; Maximum used               ; 4           ;
;                            ;             ;
; Usage by Processor         ; % Time Used ;
;     Processor 1            ; 100.0%      ;
;     Processors 2-4         ;   0.0%      ;
+----------------------------+-------------+


+------------------------------------------------------------------------------------------------------------------------------------------------------------------------------+
; Analysis & Synthesis Source Files Read                                                                                                                                       ;
+--------------------------------------+-----------------+------------------------------+----------------------------------------------------------------------------+---------+
; File Name with User-Entered Path     ; Used in Netlist ; File Type                    ; File Name with Absolute Path                                               ; Library ;
+--------------------------------------+-----------------+------------------------------+----------------------------------------------------------------------------+---------+
; ../MProject2_Verilog/Seven_Segment.v ; yes             ; User Verilog HDL File        ; C:/Users/Ferhat/Desktop/MProject2_Verilog/Seven_Segment.v                  ;         ;
; lpm_divide.tdf                       ; yes             ; Megafunction                 ; d:/intelfpga_lite/18.1/quartus/libraries/megafunctions/lpm_divide.tdf      ;         ;
; abs_divider.inc                      ; yes             ; Megafunction                 ; d:/intelfpga_lite/18.1/quartus/libraries/megafunctions/abs_divider.inc     ;         ;
; sign_div_unsign.inc                  ; yes             ; Megafunction                 ; d:/intelfpga_lite/18.1/quartus/libraries/megafunctions/sign_div_unsign.inc ;         ;
; aglobal181.inc                       ; yes             ; Megafunction                 ; d:/intelfpga_lite/18.1/quartus/libraries/megafunctions/aglobal181.inc      ;         ;
; db/lpm_divide_o9m.tdf                ; yes             ; Auto-Generated Megafunction  ; C:/Users/Ferhat/Desktop/MProject2/db/lpm_divide_o9m.tdf                    ;         ;
; db/sign_div_unsign_dkh.tdf           ; yes             ; Auto-Generated Megafunction  ; C:/Users/Ferhat/Desktop/MProject2/db/sign_div_unsign_dkh.tdf               ;         ;
; db/alt_u_div_e4f.tdf                 ; yes             ; Auto-Generated Megafunction  ; C:/Users/Ferhat/Desktop/MProject2/db/alt_u_div_e4f.tdf                     ;         ;
; db/add_sub_7pc.tdf                   ; yes             ; Auto-Generated Megafunction  ; C:/Users/Ferhat/Desktop/MProject2/db/add_sub_7pc.tdf                       ;         ;
; db/add_sub_8pc.tdf                   ; yes             ; Auto-Generated Megafunction  ; C:/Users/Ferhat/Desktop/MProject2/db/add_sub_8pc.tdf                       ;         ;
; db/lpm_divide_6bm.tdf                ; yes             ; Auto-Generated Megafunction  ; C:/Users/Ferhat/Desktop/MProject2/db/lpm_divide_6bm.tdf                    ;         ;
; db/sign_div_unsign_rlh.tdf           ; yes             ; Auto-Generated Megafunction  ; C:/Users/Ferhat/Desktop/MProject2/db/sign_div_unsign_rlh.tdf               ;         ;
; db/alt_u_div_a7f.tdf                 ; yes             ; Auto-Generated Megafunction  ; C:/Users/Ferhat/Desktop/MProject2/db/alt_u_div_a7f.tdf                     ;         ;
; db/lpm_divide_q9m.tdf                ; yes             ; Auto-Generated Megafunction  ; C:/Users/Ferhat/Desktop/MProject2/db/lpm_divide_q9m.tdf                    ;         ;
; db/sign_div_unsign_fkh.tdf           ; yes             ; Auto-Generated Megafunction  ; C:/Users/Ferhat/Desktop/MProject2/db/sign_div_unsign_fkh.tdf               ;         ;
; db/alt_u_div_i4f.tdf                 ; yes             ; Auto-Generated Megafunction  ; C:/Users/Ferhat/Desktop/MProject2/db/alt_u_div_i4f.tdf                     ;         ;
+--------------------------------------+-----------------+------------------------------+----------------------------------------------------------------------------+---------+


+---------------------------------------------------------+
; Analysis & Synthesis Resource Usage Summary             ;
+---------------------------------------------+-----------+
; Resource                                    ; Usage     ;
+---------------------------------------------+-----------+
; Estimated Total logic elements              ; 492       ;
;                                             ;           ;
; Total combinational functions               ; 474       ;
; Logic element usage by number of LUT inputs ;           ;
;     -- 4 input functions                    ; 101       ;
;     -- 3 input functions                    ; 147       ;
;     -- <=2 input functions                  ; 226       ;
;                                             ;           ;
; Logic elements by mode                      ;           ;
;     -- normal mode                          ; 321       ;
;     -- arithmetic mode                      ; 153       ;
;                                             ;           ;
; Total registers                             ; 179       ;
;     -- Dedicated logic registers            ; 179       ;
;     -- I/O registers                        ; 0         ;
;                                             ;           ;
; I/O pins                                    ; 20        ;
;                                             ;           ;
; Embedded Multiplier 9-bit elements          ; 0         ;
;                                             ;           ;
; Maximum fan-out node                        ; clk~input ;
; Maximum fan-out                             ; 95        ;
; Total fan-out                               ; 1729      ;
; Average fan-out                             ; 2.49      ;
+---------------------------------------------+-----------+


+-------------------------------------------------------------------------------------------------------------------------------------------------------------------------------------------------------------------------------------------------------------------------------------------------------------------------+
; Analysis & Synthesis Resource Utilization by Entity                                                                                                                                                                                                                                                                     ;
+----------------------------------------+---------------------+---------------------------+-------------+--------------+---------+-----------+------+--------------+----------------------------------------------------------------------------------------------------------------+---------------------+--------------+
; Compilation Hierarchy Node             ; Combinational ALUTs ; Dedicated Logic Registers ; Memory Bits ; DSP Elements ; DSP 9x9 ; DSP 18x18 ; Pins ; Virtual Pins ; Full Hierarchy Name                                                                                            ; Entity Name         ; Library Name ;
+----------------------------------------+---------------------+---------------------------+-------------+--------------+---------+-----------+------+--------------+----------------------------------------------------------------------------------------------------------------+---------------------+--------------+
; |Seven_Segment                         ; 474 (228)           ; 179 (179)                 ; 0           ; 0            ; 0       ; 0         ; 20   ; 0            ; |Seven_Segment                                                                                                 ; Seven_Segment       ; work         ;
;    |lpm_divide:Mod0|                   ; 53 (0)              ; 0 (0)                     ; 0           ; 0            ; 0       ; 0         ; 0    ; 0            ; |Seven_Segment|lpm_divide:Mod0                                                                                 ; lpm_divide          ; work         ;
;       |lpm_divide_q9m:auto_generated|  ; 53 (0)              ; 0 (0)                     ; 0           ; 0            ; 0       ; 0         ; 0    ; 0            ; |Seven_Segment|lpm_divide:Mod0|lpm_divide_q9m:auto_generated                                                   ; lpm_divide_q9m      ; work         ;
;          |sign_div_unsign_fkh:divider| ; 53 (0)              ; 0 (0)                     ; 0           ; 0            ; 0       ; 0         ; 0    ; 0            ; |Seven_Segment|lpm_divide:Mod0|lpm_divide_q9m:auto_generated|sign_div_unsign_fkh:divider                       ; sign_div_unsign_fkh ; work         ;
;             |alt_u_div_i4f:divider|    ; 53 (53)             ; 0 (0)                     ; 0           ; 0            ; 0       ; 0         ; 0    ; 0            ; |Seven_Segment|lpm_divide:Mod0|lpm_divide_q9m:auto_generated|sign_div_unsign_fkh:divider|alt_u_div_i4f:divider ; alt_u_div_i4f       ; work         ;
;    |lpm_divide:Mod1|                   ; 151 (0)             ; 0 (0)                     ; 0           ; 0            ; 0       ; 0         ; 0    ; 0            ; |Seven_Segment|lpm_divide:Mod1                                                                                 ; lpm_divide          ; work         ;
;       |lpm_divide_6bm:auto_generated|  ; 151 (0)             ; 0 (0)                     ; 0           ; 0            ; 0       ; 0         ; 0    ; 0            ; |Seven_Segment|lpm_divide:Mod1|lpm_divide_6bm:auto_generated                                                   ; lpm_divide_6bm      ; work         ;
;          |sign_div_unsign_rlh:divider| ; 151 (0)             ; 0 (0)                     ; 0           ; 0            ; 0       ; 0         ; 0    ; 0            ; |Seven_Segment|lpm_divide:Mod1|lpm_divide_6bm:auto_generated|sign_div_unsign_rlh:divider                       ; sign_div_unsign_rlh ; work         ;
;             |alt_u_div_a7f:divider|    ; 151 (151)           ; 0 (0)                     ; 0           ; 0            ; 0       ; 0         ; 0    ; 0            ; |Seven_Segment|lpm_divide:Mod1|lpm_divide_6bm:auto_generated|sign_div_unsign_rlh:divider|alt_u_div_a7f:divider ; alt_u_div_a7f       ; work         ;
;    |lpm_divide:Mod2|                   ; 42 (0)              ; 0 (0)                     ; 0           ; 0            ; 0       ; 0         ; 0    ; 0            ; |Seven_Segment|lpm_divide:Mod2                                                                                 ; lpm_divide          ; work         ;
;       |lpm_divide_o9m:auto_generated|  ; 42 (0)              ; 0 (0)                     ; 0           ; 0            ; 0       ; 0         ; 0    ; 0            ; |Seven_Segment|lpm_divide:Mod2|lpm_divide_o9m:auto_generated                                                   ; lpm_divide_o9m      ; work         ;
;          |sign_div_unsign_dkh:divider| ; 42 (0)              ; 0 (0)                     ; 0           ; 0            ; 0       ; 0         ; 0    ; 0            ; |Seven_Segment|lpm_divide:Mod2|lpm_divide_o9m:auto_generated|sign_div_unsign_dkh:divider                       ; sign_div_unsign_dkh ; work         ;
;             |alt_u_div_e4f:divider|    ; 42 (42)             ; 0 (0)                     ; 0           ; 0            ; 0       ; 0         ; 0    ; 0            ; |Seven_Segment|lpm_divide:Mod2|lpm_divide_o9m:auto_generated|sign_div_unsign_dkh:divider|alt_u_div_e4f:divider ; alt_u_div_e4f       ; work         ;
+----------------------------------------+---------------------+---------------------------+-------------+--------------+---------+-----------+------+--------------+----------------------------------------------------------------------------------------------------------------+---------------------+--------------+
Note: For table entries with two numbers listed, the numbers in parentheses indicate the number of resources of the given type used by the specific entity alone. The numbers listed outside of parentheses indicate the total resources of the given type used by the specific entity and all of its sub-entities in the hierarchy.


+---------------------------------------------------------------------------------+
; Registers Removed During Synthesis                                              ;
+----------------------------------------+----------------------------------------+
; Register name                          ; Reason for Removal                     ;
+----------------------------------------+----------------------------------------+
; student_ids[59]                        ; Merged with student_ids[21]            ;
; student_ids[39]                        ; Merged with student_ids[1]             ;
; student_ids[65]                        ; Merged with student_ids[31]            ;
; student_ids[9]                         ; Merged with student_ids[47]            ;
; student_ids[69]                        ; Merged with student_ids[35]            ;
; student_ids[5]                         ; Merged with student_ids[43]            ;
; student_ids[61]                        ; Merged with student_ids[27]            ;
; student_ids[51]                        ; Merged with student_ids[13]            ;
; student_ids[57]                        ; Merged with student_ids[23]            ;
; student_ids[55]                        ; Merged with student_ids[17]            ;
; student_ids[53]                        ; Merged with student_ids[19]            ;
; student_ids[63]                        ; Merged with student_ids[25]            ;
; student_ids[49]                        ; Merged with student_ids[15]            ;
; student_ids[67]                        ; Merged with student_ids[29]            ;
; student_ids[45]                        ; Merged with student_ids[11]            ;
; student_ids[71]                        ; Merged with student_ids[33]            ;
; student_ids[7]                         ; Merged with student_ids[41]            ;
; student_ids[3]                         ; Merged with student_ids[37]            ;
; clk1[16..25]                           ; Lost fanout                            ;
; swing_counter[0]                       ; Stuck at GND due to stuck port data_in ;
; Total Number of Removed Registers = 29 ;                                        ;
+----------------------------------------+----------------------------------------+


+------------------------------------------------------+
; General Register Statistics                          ;
+----------------------------------------------+-------+
; Statistic                                    ; Value ;
+----------------------------------------------+-------+
; Total registers                              ; 179   ;
; Number of registers using Synchronous Clear  ; 78    ;
; Number of registers using Synchronous Load   ; 0     ;
; Number of registers using Asynchronous Clear ; 0     ;
; Number of registers using Asynchronous Load  ; 0     ;
; Number of registers using Clock Enable       ; 1     ;
; Number of registers using Preset             ; 0     ;
+----------------------------------------------+-------+


+---------------------------------------------------+
; Inverted Register Statistics                      ;
+-----------------------------------------+---------+
; Inverted Register                       ; Fan out ;
+-----------------------------------------+---------+
; grounds[1]~reg0                         ; 3       ;
; grounds[2]~reg0                         ; 3       ;
; grounds[3]~reg0                         ; 3       ;
; data[1][0]                              ; 1       ;
; data[0][0]                              ; 1       ;
; data[3][0]                              ; 1       ;
; data[1][2]                              ; 1       ;
; student_ids[64]                         ; 3       ;
; student_ids[68]                         ; 3       ;
; student_ids[56]                         ; 3       ;
; student_ids[66]                         ; 3       ;
; student_ids[52]                         ; 2       ;
; student_ids[1]                          ; 2       ;
; student_ids[2]                          ; 2       ;
; student_ids[4]                          ; 2       ;
; student_ids[48]                         ; 2       ;
; student_ids[50]                         ; 2       ;
; student_ids[14]                         ; 2       ;
; student_ids[16]                         ; 2       ;
; student_ids[36]                         ; 2       ;
; student_ids[20]                         ; 2       ;
; student_ids[32]                         ; 2       ;
; student_ids[28]                         ; 2       ;
; student_ids[30]                         ; 2       ;
; Total number of inverted registers = 24 ;         ;
+-----------------------------------------+---------+


+-----------------------------------------------------------------------------------------------------------------------------------------------+
; Multiplexer Restructuring Statistics (Restructuring Performed)                                                                                ;
+--------------------+-----------+---------------+----------------------+------------------------+------------+---------------------------------+
; Multiplexer Inputs ; Bus Width ; Baseline Area ; Area if Restructured ; Saving if Restructured ; Registered ; Example Multiplexer Output      ;
+--------------------+-----------+---------------+----------------------+------------------------+------------+---------------------------------+
; 4:1                ; 5 bits    ; 10 LEs        ; 10 LEs               ; 0 LEs                  ; Yes        ; |Seven_Segment|swing_counter[5] ;
; 4:1                ; 4 bits    ; 8 LEs         ; 8 LEs                ; 0 LEs                  ; No         ; |Seven_Segment|Mux1             ;
+--------------------+-----------+---------------+----------------------+------------------------+------------+---------------------------------+


+------------------------------------------------------------------+
; Parameter Settings for Inferred Entity Instance: lpm_divide:Mod2 ;
+------------------------+----------------+------------------------+
; Parameter Name         ; Value          ; Type                   ;
+------------------------+----------------+------------------------+
; LPM_WIDTHN             ; 8              ; Untyped                ;
; LPM_WIDTHD             ; 6              ; Untyped                ;
; LPM_NREPRESENTATION    ; UNSIGNED       ; Untyped                ;
; LPM_DREPRESENTATION    ; UNSIGNED       ; Untyped                ;
; LPM_PIPELINE           ; 0              ; Untyped                ;
; LPM_REMAINDERPOSITIVE  ; TRUE           ; Untyped                ;
; MAXIMIZE_SPEED         ; 5              ; Untyped                ;
; CBXI_PARAMETER         ; lpm_divide_o9m ; Untyped                ;
; CARRY_CHAIN            ; MANUAL         ; Untyped                ;
; OPTIMIZE_FOR_SPEED     ; 5              ; Untyped                ;
; AUTO_CARRY_CHAINS      ; ON             ; AUTO_CARRY             ;
; IGNORE_CARRY_BUFFERS   ; OFF            ; IGNORE_CARRY           ;
; AUTO_CASCADE_CHAINS    ; ON             ; AUTO_CASCADE           ;
; IGNORE_CASCADE_BUFFERS ; OFF            ; IGNORE_CASCADE         ;
+------------------------+----------------+------------------------+
Note: In order to hide this table in the UI and the text report file, please set the "Show Parameter Settings in Synthesis Report" option in "Analysis and Synthesis Settings -> More Settings" to "Off".


+------------------------------------------------------------------+
; Parameter Settings for Inferred Entity Instance: lpm_divide:Mod1 ;
+------------------------+----------------+------------------------+
; Parameter Name         ; Value          ; Type                   ;
+------------------------+----------------+------------------------+
; LPM_WIDTHN             ; 32             ; Untyped                ;
; LPM_WIDTHD             ; 7              ; Untyped                ;
; LPM_NREPRESENTATION    ; UNSIGNED       ; Untyped                ;
; LPM_DREPRESENTATION    ; UNSIGNED       ; Untyped                ;
; LPM_PIPELINE           ; 0              ; Untyped                ;
; LPM_REMAINDERPOSITIVE  ; TRUE           ; Untyped                ;
; MAXIMIZE_SPEED         ; 5              ; Untyped                ;
; CBXI_PARAMETER         ; lpm_divide_6bm ; Untyped                ;
; CARRY_CHAIN            ; MANUAL         ; Untyped                ;
; OPTIMIZE_FOR_SPEED     ; 5              ; Untyped                ;
; AUTO_CARRY_CHAINS      ; ON             ; AUTO_CARRY             ;
; IGNORE_CARRY_BUFFERS   ; OFF            ; IGNORE_CARRY           ;
; AUTO_CASCADE_CHAINS    ; ON             ; AUTO_CASCADE           ;
; IGNORE_CASCADE_BUFFERS ; OFF            ; IGNORE_CASCADE         ;
+------------------------+----------------+------------------------+
Note: In order to hide this table in the UI and the text report file, please set the "Show Parameter Settings in Synthesis Report" option in "Analysis and Synthesis Settings -> More Settings" to "Off".


+------------------------------------------------------------------+
; Parameter Settings for Inferred Entity Instance: lpm_divide:Mod0 ;
+------------------------+----------------+------------------------+
; Parameter Name         ; Value          ; Type                   ;
+------------------------+----------------+------------------------+
; LPM_WIDTHN             ; 9              ; Untyped                ;
; LPM_WIDTHD             ; 7              ; Untyped                ;
; LPM_NREPRESENTATION    ; UNSIGNED       ; Untyped                ;
; LPM_DREPRESENTATION    ; UNSIGNED       ; Untyped                ;
; LPM_PIPELINE           ; 0              ; Untyped                ;
; LPM_REMAINDERPOSITIVE  ; TRUE           ; Untyped                ;
; MAXIMIZE_SPEED         ; 5              ; Untyped                ;
; CBXI_PARAMETER         ; lpm_divide_q9m ; Untyped                ;
; CARRY_CHAIN            ; MANUAL         ; Untyped                ;
; OPTIMIZE_FOR_SPEED     ; 5              ; Untyped                ;
; AUTO_CARRY_CHAINS      ; ON             ; AUTO_CARRY             ;
; IGNORE_CARRY_BUFFERS   ; OFF            ; IGNORE_CARRY           ;
; AUTO_CASCADE_CHAINS    ; ON             ; AUTO_CASCADE           ;
; IGNORE_CASCADE_BUFFERS ; OFF            ; IGNORE_CASCADE         ;
+------------------------+----------------+------------------------+
Note: In order to hide this table in the UI and the text report file, please set the "Show Parameter Settings in Synthesis Report" option in "Analysis and Synthesis Settings -> More Settings" to "Off".


+-----------------------------------------------------+
; Post-Synthesis Netlist Statistics for Top Partition ;
+-----------------------+-----------------------------+
; Type                  ; Count                       ;
+-----------------------+-----------------------------+
; boundary_port         ; 20                          ;
; cycloneiii_ff         ; 179                         ;
;     ENA               ; 1                           ;
;     SCLR              ; 78                          ;
;     plain             ; 100                         ;
; cycloneiii_lcell_comb ; 483                         ;
;     arith             ; 153                         ;
;         2 data inputs ; 95                          ;
;         3 data inputs ; 58                          ;
;     normal            ; 330                         ;
;         0 data inputs ; 14                          ;
;         1 data inputs ; 21                          ;
;         2 data inputs ; 105                         ;
;         3 data inputs ; 89                          ;
;         4 data inputs ; 101                         ;
;                       ;                             ;
; Max LUT depth         ; 23.90                       ;
; Average LUT depth     ; 10.10                       ;
+-----------------------+-----------------------------+


+-------------------------------+
; Elapsed Time Per Partition    ;
+----------------+--------------+
; Partition Name ; Elapsed Time ;
+----------------+--------------+
; Top            ; 00:00:02     ;
+----------------+--------------+


+-------------------------------+
; Analysis & Synthesis Messages ;
+-------------------------------+
Info: *******************************************************************
Info: Running Quartus Prime Analysis & Synthesis
    Info: Version 18.1.0 Build 625 09/12/2018 SJ Lite Edition
    Info: Processing started: Thu Oct 25 18:51:43 2018
Info: Command: quartus_map --read_settings_files=on --write_settings_files=off MProject2 -c MProject2
Warning (18236): Number of processors has not been specified which may cause overloading on shared machines.  Set the global assignment NUM_PARALLEL_PROCESSORS in your QSF to an appropriate value for best performance.
Info (20030): Parallel compilation is enabled and will use 4 of the 4 processors detected
Info (12021): Found 1 design units, including 1 entities, in source file /users/ferhat/desktop/mproject2_verilog/seven_segment.v
    Info (12023): Found entity 1: Seven_Segment File: C:/Users/Ferhat/Desktop/MProject2_Verilog/Seven_Segment.v Line: 1
Info (12127): Elaborating entity "Seven_Segment" for the top level hierarchy
Warning (10036): Verilog HDL or VHDL warning at Seven_Segment.v(22): object "blinker_click" assigned a value but never read File: C:/Users/Ferhat/Desktop/MProject2_Verilog/Seven_Segment.v Line: 22
Warning (10230): Verilog HDL assignment warning at Seven_Segment.v(38): truncated value with size 32 to match size of target (2) File: C:/Users/Ferhat/Desktop/MProject2_Verilog/Seven_Segment.v Line: 38
Warning (10230): Verilog HDL assignment warning at Seven_Segment.v(42): truncated value with size 32 to match size of target (26) File: C:/Users/Ferhat/Desktop/MProject2_Verilog/Seven_Segment.v Line: 42
Warning (10230): Verilog HDL assignment warning at Seven_Segment.v(50): truncated value with size 32 to match size of target (26) File: C:/Users/Ferhat/Desktop/MProject2_Verilog/Seven_Segment.v Line: 50
Warning (10230): Verilog HDL assignment warning at Seven_Segment.v(60): truncated value with size 32 to match size of target (27) File: C:/Users/Ferhat/Desktop/MProject2_Verilog/Seven_Segment.v Line: 60
Warning (10230): Verilog HDL assignment warning at Seven_Segment.v(74): truncated value with size 32 to match size of target (25) File: C:/Users/Ferhat/Desktop/MProject2_Verilog/Seven_Segment.v Line: 74
Warning (10230): Verilog HDL assignment warning at Seven_Segment.v(101): truncated value with size 32 to match size of target (8) File: C:/Users/Ferhat/Desktop/MProject2_Verilog/Seven_Segment.v Line: 101
Warning (10230): Verilog HDL assignment warning at Seven_Segment.v(109): truncated value with size 32 to match size of target (8) File: C:/Users/Ferhat/Desktop/MProject2_Verilog/Seven_Segment.v Line: 109
Warning (10230): Verilog HDL assignment warning at Seven_Segment.v(129): truncated value with size 32 to match size of target (8) File: C:/Users/Ferhat/Desktop/MProject2_Verilog/Seven_Segment.v Line: 129
Warning (10230): Verilog HDL assignment warning at Seven_Segment.v(133): truncated value with size 32 to match size of target (8) File: C:/Users/Ferhat/Desktop/MProject2_Verilog/Seven_Segment.v Line: 133
Warning (10230): Verilog HDL assignment warning at Seven_Segment.v(157): truncated value with size 32 to match size of target (8) File: C:/Users/Ferhat/Desktop/MProject2_Verilog/Seven_Segment.v Line: 157
Warning (10230): Verilog HDL assignment warning at Seven_Segment.v(161): truncated value with size 32 to match size of target (8) File: C:/Users/Ferhat/Desktop/MProject2_Verilog/Seven_Segment.v Line: 161
Warning (10235): Verilog HDL Always Construct warning at Seven_Segment.v(262): variable "ticker_normal" is read inside the Always Construct but isn't in the Always Construct's Event Control File: C:/Users/Ferhat/Desktop/MProject2_Verilog/Seven_Segment.v Line: 262
Warning (10235): Verilog HDL Always Construct warning at Seven_Segment.v(266): variable "ticker_double" is read inside the Always Construct but isn't in the Always Construct's Event Control File: C:/Users/Ferhat/Desktop/MProject2_Verilog/Seven_Segment.v Line: 266
Warning (10235): Verilog HDL Always Construct warning at Seven_Segment.v(268): variable "ticker_normal" is read inside the Always Construct but isn't in the Always Construct's Event Control File: C:/Users/Ferhat/Desktop/MProject2_Verilog/Seven_Segment.v Line: 268
Warning (19016): Clock multiplexers are found and protected
    Warning (19017): Found clock multiplexer ticker File: C:/Users/Ferhat/Desktop/MProject2_Verilog/Seven_Segment.v Line: 18
Info (278001): Inferred 3 megafunctions from design logic
    Info (278004): Inferred divider/modulo megafunction ("lpm_divide") from the following logic: "Mod2" File: C:/Users/Ferhat/Desktop/MProject2_Verilog/Seven_Segment.v Line: 150
    Info (278004): Inferred divider/modulo megafunction ("lpm_divide") from the following logic: "Mod1" File: C:/Users/Ferhat/Desktop/MProject2_Verilog/Seven_Segment.v Line: 109
    Info (278004): Inferred divider/modulo megafunction ("lpm_divide") from the following logic: "Mod0" File: C:/Users/Ferhat/Desktop/MProject2_Verilog/Seven_Segment.v Line: 101
Info (12130): Elaborated megafunction instantiation "lpm_divide:Mod2" File: C:/Users/Ferhat/Desktop/MProject2_Verilog/Seven_Segment.v Line: 150
Info (12133): Instantiated megafunction "lpm_divide:Mod2" with the following parameter: File: C:/Users/Ferhat/Desktop/MProject2_Verilog/Seven_Segment.v Line: 150
    Info (12134): Parameter "LPM_WIDTHN" = "8"
    Info (12134): Parameter "LPM_WIDTHD" = "6"
    Info (12134): Parameter "LPM_NREPRESENTATION" = "UNSIGNED"
    Info (12134): Parameter "LPM_DREPRESENTATION" = "UNSIGNED"
Info (12021): Found 1 design units, including 1 entities, in source file db/lpm_divide_o9m.tdf
    Info (12023): Found entity 1: lpm_divide_o9m File: C:/Users/Ferhat/Desktop/MProject2/db/lpm_divide_o9m.tdf Line: 24
Info (12021): Found 1 design units, including 1 entities, in source file db/sign_div_unsign_dkh.tdf
    Info (12023): Found entity 1: sign_div_unsign_dkh File: C:/Users/Ferhat/Desktop/MProject2/db/sign_div_unsign_dkh.tdf Line: 24
Info (12021): Found 1 design units, including 1 entities, in source file db/alt_u_div_e4f.tdf
    Info (12023): Found entity 1: alt_u_div_e4f File: C:/Users/Ferhat/Desktop/MProject2/db/alt_u_div_e4f.tdf Line: 26
Info (12021): Found 1 design units, including 1 entities, in source file db/add_sub_7pc.tdf
    Info (12023): Found entity 1: add_sub_7pc File: C:/Users/Ferhat/Desktop/MProject2/db/add_sub_7pc.tdf Line: 22
Info (12021): Found 1 design units, including 1 entities, in source file db/add_sub_8pc.tdf
    Info (12023): Found entity 1: add_sub_8pc File: C:/Users/Ferhat/Desktop/MProject2/db/add_sub_8pc.tdf Line: 22
Info (12130): Elaborated megafunction instantiation "lpm_divide:Mod1" File: C:/Users/Ferhat/Desktop/MProject2_Verilog/Seven_Segment.v Line: 109
Info (12133): Instantiated megafunction "lpm_divide:Mod1" with the following parameter: File: C:/Users/Ferhat/Desktop/MProject2_Verilog/Seven_Segment.v Line: 109
    Info (12134): Parameter "LPM_WIDTHN" = "32"
    Info (12134): Parameter "LPM_WIDTHD" = "7"
    Info (12134): Parameter "LPM_NREPRESENTATION" = "UNSIGNED"
    Info (12134): Parameter "LPM_DREPRESENTATION" = "UNSIGNED"
Info (12021): Found 1 design units, including 1 entities, in source file db/lpm_divide_6bm.tdf
    Info (12023): Found entity 1: lpm_divide_6bm File: C:/Users/Ferhat/Desktop/MProject2/db/lpm_divide_6bm.tdf Line: 24
Info (12021): Found 1 design units, including 1 entities, in source file db/sign_div_unsign_rlh.tdf
    Info (12023): Found entity 1: sign_div_unsign_rlh File: C:/Users/Ferhat/Desktop/MProject2/db/sign_div_unsign_rlh.tdf Line: 24
Info (12021): Found 1 design units, including 1 entities, in source file db/alt_u_div_a7f.tdf
    Info (12023): Found entity 1: alt_u_div_a7f File: C:/Users/Ferhat/Desktop/MProject2/db/alt_u_div_a7f.tdf Line: 26
Info (12130): Elaborated megafunction instantiation "lpm_divide:Mod0" File: C:/Users/Ferhat/Desktop/MProject2_Verilog/Seven_Segment.v Line: 101
Info (12133): Instantiated megafunction "lpm_divide:Mod0" with the following parameter: File: C:/Users/Ferhat/Desktop/MProject2_Verilog/Seven_Segment.v Line: 101
    Info (12134): Parameter "LPM_WIDTHN" = "9"
    Info (12134): Parameter "LPM_WIDTHD" = "7"
    Info (12134): Parameter "LPM_NREPRESENTATION" = "UNSIGNED"
    Info (12134): Parameter "LPM_DREPRESENTATION" = "UNSIGNED"
Info (12021): Found 1 design units, including 1 entities, in source file db/lpm_divide_q9m.tdf
    Info (12023): Found entity 1: lpm_divide_q9m File: C:/Users/Ferhat/Desktop/MProject2/db/lpm_divide_q9m.tdf Line: 24
Info (12021): Found 1 design units, including 1 entities, in source file db/sign_div_unsign_fkh.tdf
    Info (12023): Found entity 1: sign_div_unsign_fkh File: C:/Users/Ferhat/Desktop/MProject2/db/sign_div_unsign_fkh.tdf Line: 24
Info (12021): Found 1 design units, including 1 entities, in source file db/alt_u_div_i4f.tdf
    Info (12023): Found entity 1: alt_u_div_i4f File: C:/Users/Ferhat/Desktop/MProject2/db/alt_u_div_i4f.tdf Line: 26
Info (286030): Timing-Driven Synthesis is running
Info (17049): 10 registers lost all their fanouts during netlist optimizations.
Info (17016): Found the following redundant logic cells in design
    Info (17048): Logic cell "lpm_divide:Mod1|lpm_divide_6bm:auto_generated|sign_div_unsign_rlh:divider|alt_u_div_a7f:divider|op_16~10"
    Info (17048): Logic cell "lpm_divide:Mod1|lpm_divide_6bm:auto_generated|sign_div_unsign_rlh:divider|alt_u_div_a7f:divider|op_16~12"
    Info (17048): Logic cell "lpm_divide:Mod0|lpm_divide_q9m:auto_generated|sign_div_unsign_fkh:divider|alt_u_div_i4f:divider|add_sub_6_result_int[0]~14" File: C:/Users/Ferhat/Desktop/MProject2/db/alt_u_div_i4f.tdf Line: 56
    Info (17048): Logic cell "lpm_divide:Mod1|lpm_divide_6bm:auto_generated|sign_div_unsign_rlh:divider|alt_u_div_a7f:divider|add_sub_29_result_int[0]~14" File: C:/Users/Ferhat/Desktop/MProject2/db/alt_u_div_a7f.tdf Line: 136
Info (144001): Generated suppressed messages file C:/Users/Ferhat/Desktop/MProject2/output_files/MProject2.map.smsg
Info (16010): Generating hard_block partition "hard_block:auto_generated_inst"
    Info (16011): Adding 0 node(s), including 0 DDIO, 0 PLL, 0 transceiver and 0 LCELL
Info (21057): Implemented 512 device resources after synthesis - the final resource count might be different
    Info (21058): Implemented 5 input pins
    Info (21059): Implemented 15 output pins
    Info (21061): Implemented 492 logic cells
Info: Quartus Prime Analysis & Synthesis was successful. 0 errors, 18 warnings
    Info: Peak virtual memory: 4799 megabytes
    Info: Processing ended: Thu Oct 25 18:51:59 2018
    Info: Elapsed time: 00:00:16
    Info: Total CPU time (on all processors): 00:00:33


+------------------------------------------+
; Analysis & Synthesis Suppressed Messages ;
+------------------------------------------+
The suppressed messages can be found in C:/Users/Ferhat/Desktop/MProject2/output_files/MProject2.map.smsg.


